[1.009s] DEBUG:colcon:Command line arguments: ['/usr/bin/colcon', 'build']
[1.009s] DEBUG:colcon:Parsed command line arguments: Namespace(log_base=None, log_level=None, verb_name='build', build_base='build', install_base='install', merge_install=False, symlink_install=False, test_result_base=None, continue_on_error=False, executor='parallel', parallel_workers=4, event_handlers=None, ignore_user_meta=False, metas=['./colcon.meta'], base_paths=['.'], packages_ignore=None, packages_ignore_regex=None, paths=None, packages_up_to=None, packages_up_to_regex=None, packages_above=None, packages_above_and_dependencies=None, packages_above_depth=None, packages_select_by_dep=None, packages_skip_by_dep=None, packages_skip_up_to=None, packages_select_build_failed=False, packages_skip_build_finished=False, packages_select_test_failures=False, packages_skip_test_passed=False, packages_select=None, packages_skip=None, packages_select_regex=None, packages_skip_regex=None, packages_start=None, packages_end=None, allow_overriding=[], cmake_args=None, cmake_target=None, cmake_target_skip_unavailable=False, cmake_clean_cache=False, cmake_clean_first=False, cmake_force_configure=False, ament_cmake_args=None, catkin_cmake_args=None, catkin_skip_building_tests=False, verb_parser=<colcon_defaults.argument_parser.defaults.DefaultArgumentsDecorator object at 0x7fec2ba781f0>, verb_extension=<colcon_core.verb.build.BuildVerb object at 0x7fec2ba792d0>, main=<bound method BuildVerb.main of <colcon_core.verb.build.BuildVerb object at 0x7fec2ba792d0>>)
[1.078s] Level 1:colcon.colcon_core.package_discovery:discover_packages(colcon_meta) check parameters
[1.078s] Level 1:colcon.colcon_core.package_discovery:discover_packages(recursive) check parameters
[1.078s] Level 1:colcon.colcon_core.package_discovery:discover_packages(ignore) check parameters
[1.078s] Level 1:colcon.colcon_core.package_discovery:discover_packages(path) check parameters
[1.078s] Level 1:colcon.colcon_core.package_discovery:discover_packages(colcon_meta) discover
[1.078s] Level 1:colcon.colcon_core.package_discovery:discover_packages(recursive) discover
[1.078s] INFO:colcon.colcon_core.package_discovery:Crawling recursively for packages in '/home/gates/ros2_ws'
[1.078s] Level 1:colcon.colcon_core.package_identification:_identify(.) by extensions ['ignore', 'ignore_ament_install']
[1.078s] Level 1:colcon.colcon_core.package_identification:_identify(.) by extension 'ignore'
[1.078s] Level 1:colcon.colcon_core.package_identification:_identify(.) by extension 'ignore_ament_install'
[1.078s] Level 1:colcon.colcon_core.package_identification:_identify(.) by extensions ['colcon_pkg']
[1.078s] Level 1:colcon.colcon_core.package_identification:_identify(.) by extension 'colcon_pkg'
[1.078s] Level 1:colcon.colcon_core.package_identification:_identify(.) by extensions ['colcon_meta']
[1.078s] Level 1:colcon.colcon_core.package_identification:_identify(.) by extension 'colcon_meta'
[1.078s] Level 1:colcon.colcon_core.package_identification:_identify(.) by extensions ['ros']
[1.078s] Level 1:colcon.colcon_core.package_identification:_identify(.) by extension 'ros'
[1.093s] Level 1:colcon.colcon_core.package_identification:_identify(.) by extensions ['cmake', 'python']
[1.093s] Level 1:colcon.colcon_core.package_identification:_identify(.) by extension 'cmake'
[1.093s] Level 1:colcon.colcon_core.package_identification:_identify(.) by extension 'python'
[1.094s] Level 1:colcon.colcon_core.package_identification:_identify(.) by extensions ['python_setup_py']
[1.094s] Level 1:colcon.colcon_core.package_identification:_identify(.) by extension 'python_setup_py'
[1.094s] Level 1:colcon.colcon_core.package_identification:_identify(build) by extensions ['ignore', 'ignore_ament_install']
[1.094s] Level 1:colcon.colcon_core.package_identification:_identify(build) by extension 'ignore'
[1.094s] Level 1:colcon.colcon_core.package_identification:_identify(build) ignored
[1.094s] Level 1:colcon.colcon_core.package_identification:_identify(install) by extensions ['ignore', 'ignore_ament_install']
[1.094s] Level 1:colcon.colcon_core.package_identification:_identify(install) by extension 'ignore'
[1.094s] Level 1:colcon.colcon_core.package_identification:_identify(install) ignored
[1.094s] Level 1:colcon.colcon_core.package_identification:_identify(log) by extensions ['ignore', 'ignore_ament_install']
[1.094s] Level 1:colcon.colcon_core.package_identification:_identify(log) by extension 'ignore'
[1.094s] Level 1:colcon.colcon_core.package_identification:_identify(log) ignored
[1.094s] Level 1:colcon.colcon_core.package_identification:_identify(src) by extensions ['ignore', 'ignore_ament_install']
[1.094s] Level 1:colcon.colcon_core.package_identification:_identify(src) by extension 'ignore'
[1.094s] Level 1:colcon.colcon_core.package_identification:_identify(src) by extension 'ignore_ament_install'
[1.094s] Level 1:colcon.colcon_core.package_identification:_identify(src) by extensions ['colcon_pkg']
[1.094s] Level 1:colcon.colcon_core.package_identification:_identify(src) by extension 'colcon_pkg'
[1.094s] Level 1:colcon.colcon_core.package_identification:_identify(src) by extensions ['colcon_meta']
[1.094s] Level 1:colcon.colcon_core.package_identification:_identify(src) by extension 'colcon_meta'
[1.094s] Level 1:colcon.colcon_core.package_identification:_identify(src) by extensions ['ros']
[1.094s] Level 1:colcon.colcon_core.package_identification:_identify(src) by extension 'ros'
[1.094s] Level 1:colcon.colcon_core.package_identification:_identify(src) by extensions ['cmake', 'python']
[1.094s] Level 1:colcon.colcon_core.package_identification:_identify(src) by extension 'cmake'
[1.094s] Level 1:colcon.colcon_core.package_identification:_identify(src) by extension 'python'
[1.094s] Level 1:colcon.colcon_core.package_identification:_identify(src) by extensions ['python_setup_py']
[1.094s] Level 1:colcon.colcon_core.package_identification:_identify(src) by extension 'python_setup_py'
[1.095s] Level 1:colcon.colcon_core.package_identification:_identify(src/irobot_create_msgs) by extensions ['ignore', 'ignore_ament_install']
[1.095s] Level 1:colcon.colcon_core.package_identification:_identify(src/irobot_create_msgs) by extension 'ignore'
[1.095s] Level 1:colcon.colcon_core.package_identification:_identify(src/irobot_create_msgs) by extension 'ignore_ament_install'
[1.095s] Level 1:colcon.colcon_core.package_identification:_identify(src/irobot_create_msgs) by extensions ['colcon_pkg']
[1.095s] Level 1:colcon.colcon_core.package_identification:_identify(src/irobot_create_msgs) by extension 'colcon_pkg'
[1.095s] Level 1:colcon.colcon_core.package_identification:_identify(src/irobot_create_msgs) by extensions ['colcon_meta']
[1.095s] Level 1:colcon.colcon_core.package_identification:_identify(src/irobot_create_msgs) by extension 'colcon_meta'
[1.095s] Level 1:colcon.colcon_core.package_identification:_identify(src/irobot_create_msgs) by extensions ['ros']
[1.095s] Level 1:colcon.colcon_core.package_identification:_identify(src/irobot_create_msgs) by extension 'ros'
[1.098s] DEBUG:colcon.colcon_core.package_identification:Package 'src/irobot_create_msgs' with type 'ros.ament_cmake' and name 'irobot_create_msgs'
[1.099s] Level 1:colcon.colcon_core.package_identification:_identify(src/my_robot_pkg) by extensions ['ignore', 'ignore_ament_install']
[1.099s] Level 1:colcon.colcon_core.package_identification:_identify(src/my_robot_pkg) by extension 'ignore'
[1.099s] Level 1:colcon.colcon_core.package_identification:_identify(src/my_robot_pkg) by extension 'ignore_ament_install'
[1.099s] Level 1:colcon.colcon_core.package_identification:_identify(src/my_robot_pkg) by extensions ['colcon_pkg']
[1.099s] Level 1:colcon.colcon_core.package_identification:_identify(src/my_robot_pkg) by extension 'colcon_pkg'
[1.099s] Level 1:colcon.colcon_core.package_identification:_identify(src/my_robot_pkg) by extensions ['colcon_meta']
[1.099s] Level 1:colcon.colcon_core.package_identification:_identify(src/my_robot_pkg) by extension 'colcon_meta'
[1.099s] Level 1:colcon.colcon_core.package_identification:_identify(src/my_robot_pkg) by extensions ['ros']
[1.099s] Level 1:colcon.colcon_core.package_identification:_identify(src/my_robot_pkg) by extension 'ros'
[1.099s] Level 1:colcon.colcon_core.package_identification:_identify(src/my_robot_pkg) by extensions ['cmake', 'python']
[1.099s] Level 1:colcon.colcon_core.package_identification:_identify(src/my_robot_pkg) by extension 'cmake'
[1.099s] Level 1:colcon.colcon_core.package_identification:_identify(src/my_robot_pkg) by extension 'python'
[1.099s] Level 1:colcon.colcon_core.package_identification:_identify(src/my_robot_pkg) by extensions ['python_setup_py']
[1.099s] Level 1:colcon.colcon_core.package_identification:_identify(src/my_robot_pkg) by extension 'python_setup_py'
[1.099s] Level 1:colcon.colcon_core.package_identification:_identify(src/my_robot_pkg/src) by extensions ['ignore', 'ignore_ament_install']
[1.099s] Level 1:colcon.colcon_core.package_identification:_identify(src/my_robot_pkg/src) by extension 'ignore'
[1.099s] Level 1:colcon.colcon_core.package_identification:_identify(src/my_robot_pkg/src) by extension 'ignore_ament_install'
[1.099s] Level 1:colcon.colcon_core.package_identification:_identify(src/my_robot_pkg/src) by extensions ['colcon_pkg']
[1.099s] Level 1:colcon.colcon_core.package_identification:_identify(src/my_robot_pkg/src) by extension 'colcon_pkg'
[1.099s] Level 1:colcon.colcon_core.package_identification:_identify(src/my_robot_pkg/src) by extensions ['colcon_meta']
[1.099s] Level 1:colcon.colcon_core.package_identification:_identify(src/my_robot_pkg/src) by extension 'colcon_meta'
[1.099s] Level 1:colcon.colcon_core.package_identification:_identify(src/my_robot_pkg/src) by extensions ['ros']
[1.099s] Level 1:colcon.colcon_core.package_identification:_identify(src/my_robot_pkg/src) by extension 'ros'
[1.099s] Level 1:colcon.colcon_core.package_identification:_identify(src/my_robot_pkg/src) by extensions ['cmake', 'python']
[1.099s] Level 1:colcon.colcon_core.package_identification:_identify(src/my_robot_pkg/src) by extension 'cmake'
[1.099s] Level 1:colcon.colcon_core.package_identification:_identify(src/my_robot_pkg/src) by extension 'python'
[1.099s] Level 1:colcon.colcon_core.package_identification:_identify(src/my_robot_pkg/src) by extensions ['python_setup_py']
[1.099s] Level 1:colcon.colcon_core.package_identification:_identify(src/my_robot_pkg/src) by extension 'python_setup_py'
[1.099s] Level 1:colcon.colcon_core.package_discovery:discover_packages(recursive) using defaults
[1.099s] Level 1:colcon.colcon_core.package_discovery:discover_packages(ignore) discover
[1.099s] Level 1:colcon.colcon_core.package_discovery:discover_packages(ignore) using defaults
[1.099s] Level 1:colcon.colcon_core.package_discovery:discover_packages(path) discover
[1.099s] Level 1:colcon.colcon_core.package_discovery:discover_packages(path) using defaults
[1.173s] Level 1:colcon.colcon_core.package_discovery:discover_packages(prefix_path) check parameters
[1.173s] Level 1:colcon.colcon_core.package_discovery:discover_packages(prefix_path) discover
[1.194s] DEBUG:colcon.colcon_installed_package_information.package_discovery:Found 272 installed packages in /opt/ros/humble
[1.195s] Level 1:colcon.colcon_core.package_discovery:discover_packages(prefix_path) using defaults
[1.253s] Level 5:colcon.colcon_core.verb:set package 'irobot_create_msgs' build argument 'cmake_args' from command line to 'None'
[1.253s] Level 5:colcon.colcon_core.verb:set package 'irobot_create_msgs' build argument 'cmake_target' from command line to 'None'
[1.253s] Level 5:colcon.colcon_core.verb:set package 'irobot_create_msgs' build argument 'cmake_target_skip_unavailable' from command line to 'False'
[1.253s] Level 5:colcon.colcon_core.verb:set package 'irobot_create_msgs' build argument 'cmake_clean_cache' from command line to 'False'
[1.253s] Level 5:colcon.colcon_core.verb:set package 'irobot_create_msgs' build argument 'cmake_clean_first' from command line to 'False'
[1.253s] Level 5:colcon.colcon_core.verb:set package 'irobot_create_msgs' build argument 'cmake_force_configure' from command line to 'False'
[1.253s] Level 5:colcon.colcon_core.verb:set package 'irobot_create_msgs' build argument 'ament_cmake_args' from command line to 'None'
[1.253s] Level 5:colcon.colcon_core.verb:set package 'irobot_create_msgs' build argument 'catkin_cmake_args' from command line to 'None'
[1.253s] Level 5:colcon.colcon_core.verb:set package 'irobot_create_msgs' build argument 'catkin_skip_building_tests' from command line to 'False'
[1.253s] DEBUG:colcon.colcon_core.verb:Building package 'irobot_create_msgs' with the following arguments: {'ament_cmake_args': None, 'build_base': '/home/gates/ros2_ws/build/irobot_create_msgs', 'catkin_cmake_args': None, 'catkin_skip_building_tests': False, 'cmake_args': None, 'cmake_clean_cache': False, 'cmake_clean_first': False, 'cmake_force_configure': False, 'cmake_target': None, 'cmake_target_skip_unavailable': False, 'install_base': '/home/gates/ros2_ws/install/irobot_create_msgs', 'merge_install': False, 'path': '/home/gates/ros2_ws/src/irobot_create_msgs', 'symlink_install': False, 'test_result_base': None}
[1.261s] INFO:colcon.colcon_core.executor:Executing jobs using 'parallel' executor
[1.271s] DEBUG:colcon.colcon_parallel_executor.executor.parallel:run_until_complete
[1.271s] INFO:colcon.colcon_ros.task.ament_cmake.build:Building ROS package in '/home/gates/ros2_ws/src/irobot_create_msgs' with build type 'ament_cmake'
[1.271s] INFO:colcon.colcon_cmake.task.cmake.build:Building CMake package in '/home/gates/ros2_ws/src/irobot_create_msgs'
[1.298s] INFO:colcon.colcon_core.plugin_system:Skipping extension 'colcon_core.shell.bat': Not used on non-Windows systems
[1.298s] INFO:colcon.colcon_core.shell:Skip shell extension 'powershell' for command environment: Not usable outside of PowerShell
[1.298s] DEBUG:colcon.colcon_core.shell:Skip shell extension 'dsv' for command environment
[1.335s] DEBUG:colcon.colcon_core.event_handler.log_command:Invoking command in '/home/gates/ros2_ws/build/irobot_create_msgs': CMAKE_PREFIX_PATH=/opt/ros/humble /usr/bin/cmake /home/gates/ros2_ws/src/irobot_create_msgs -DCMAKE_INSTALL_PREFIX=/home/gates/ros2_ws/install/irobot_create_msgs
[4.299s] DEBUG:colcon.colcon_core.event_handler.log_command:Invoked command in '/home/gates/ros2_ws/build/irobot_create_msgs' returned '0': CMAKE_PREFIX_PATH=/opt/ros/humble /usr/bin/cmake /home/gates/ros2_ws/src/irobot_create_msgs -DCMAKE_INSTALL_PREFIX=/home/gates/ros2_ws/install/irobot_create_msgs
[4.303s] DEBUG:colcon.colcon_core.event_handler.log_command:Invoking command in '/home/gates/ros2_ws/build/irobot_create_msgs': CMAKE_PREFIX_PATH=/opt/ros/humble /usr/bin/cmake --build /home/gates/ros2_ws/build/irobot_create_msgs -- -j4 -l4
[38.847s] DEBUG:colcon.colcon_core.event_handler.log_command:Invoked command in '/home/gates/ros2_ws/build/irobot_create_msgs' returned '0': CMAKE_PREFIX_PATH=/opt/ros/humble /usr/bin/cmake --build /home/gates/ros2_ws/build/irobot_create_msgs -- -j4 -l4
[40.722s] DEBUG:colcon.colcon_core.event_handler.log_command:Invoking command in '/home/gates/ros2_ws/build/irobot_create_msgs': CMAKE_PREFIX_PATH=/opt/ros/humble /usr/bin/cmake --install /home/gates/ros2_ws/build/irobot_create_msgs
[40.950s] Level 1:colcon.colcon_core.environment:create_environment_scripts_only(irobot_create_msgs)
[40.952s] DEBUG:colcon.colcon_core.event_handler.log_command:Invoked command in '/home/gates/ros2_ws/build/irobot_create_msgs' returned '0': CMAKE_PREFIX_PATH=/opt/ros/humble /usr/bin/cmake --install /home/gates/ros2_ws/build/irobot_create_msgs
[40.971s] Level 1:colcon.colcon_core.environment:checking '/home/gates/ros2_ws/install/irobot_create_msgs' for CMake module files
[40.971s] Level 1:colcon.colcon_core.environment:checking '/home/gates/ros2_ws/install/irobot_create_msgs' for CMake config files
[40.972s] Level 1:colcon.colcon_core.shell:create_environment_hook('irobot_create_msgs', 'cmake_prefix_path')
[40.984s] INFO:colcon.colcon_core.shell:Creating environment hook '/home/gates/ros2_ws/install/irobot_create_msgs/share/irobot_create_msgs/hook/cmake_prefix_path.ps1'
[40.987s] INFO:colcon.colcon_core.shell:Creating environment descriptor '/home/gates/ros2_ws/install/irobot_create_msgs/share/irobot_create_msgs/hook/cmake_prefix_path.dsv'
[40.988s] INFO:colcon.colcon_core.shell:Creating environment hook '/home/gates/ros2_ws/install/irobot_create_msgs/share/irobot_create_msgs/hook/cmake_prefix_path.sh'
[40.990s] Level 1:colcon.colcon_core.environment:checking '/home/gates/ros2_ws/install/irobot_create_msgs/lib'
[40.990s] Level 1:colcon.colcon_core.shell:create_environment_hook('irobot_create_msgs', 'ld_library_path_lib')
[41.005s] INFO:colcon.colcon_core.shell:Creating environment hook '/home/gates/ros2_ws/install/irobot_create_msgs/share/irobot_create_msgs/hook/ld_library_path_lib.ps1'
[41.014s] INFO:colcon.colcon_core.shell:Creating environment descriptor '/home/gates/ros2_ws/install/irobot_create_msgs/share/irobot_create_msgs/hook/ld_library_path_lib.dsv'
[41.015s] INFO:colcon.colcon_core.shell:Creating environment hook '/home/gates/ros2_ws/install/irobot_create_msgs/share/irobot_create_msgs/hook/ld_library_path_lib.sh'
[41.018s] Level 1:colcon.colcon_core.environment:checking '/home/gates/ros2_ws/install/irobot_create_msgs/bin'
[41.018s] Level 1:colcon.colcon_core.environment:checking '/home/gates/ros2_ws/install/irobot_create_msgs/lib/pkgconfig/irobot_create_msgs.pc'
[41.019s] Level 1:colcon.colcon_core.environment:checking '/home/gates/ros2_ws/install/irobot_create_msgs/lib/python3.10/site-packages'
[41.019s] Level 1:colcon.colcon_core.environment:checking '/home/gates/ros2_ws/install/irobot_create_msgs/bin'
[41.029s] INFO:colcon.colcon_core.shell:Creating package script '/home/gates/ros2_ws/install/irobot_create_msgs/share/irobot_create_msgs/package.ps1'
[41.030s] INFO:colcon.colcon_core.shell:Creating package descriptor '/home/gates/ros2_ws/install/irobot_create_msgs/share/irobot_create_msgs/package.dsv'
[41.032s] INFO:colcon.colcon_core.shell:Creating package script '/home/gates/ros2_ws/install/irobot_create_msgs/share/irobot_create_msgs/package.sh'
[41.033s] INFO:colcon.colcon_core.shell:Creating package script '/home/gates/ros2_ws/install/irobot_create_msgs/share/irobot_create_msgs/package.bash'
[41.036s] INFO:colcon.colcon_core.shell:Creating package script '/home/gates/ros2_ws/install/irobot_create_msgs/share/irobot_create_msgs/package.zsh'
[41.038s] Level 1:colcon.colcon_core.environment:create_file_with_runtime_dependencies(/home/gates/ros2_ws/install/irobot_create_msgs/share/colcon-core/packages/irobot_create_msgs)
[42.906s] Level 1:colcon.colcon_core.environment:create_environment_scripts_only(irobot_create_msgs)
[42.915s] Level 1:colcon.colcon_core.environment:checking '/home/gates/ros2_ws/install/irobot_create_msgs' for CMake module files
[42.915s] Level 1:colcon.colcon_core.environment:checking '/home/gates/ros2_ws/install/irobot_create_msgs' for CMake config files
[42.916s] Level 1:colcon.colcon_core.shell:create_environment_hook('irobot_create_msgs', 'cmake_prefix_path')
[42.925s] INFO:colcon.colcon_core.shell:Creating environment hook '/home/gates/ros2_ws/install/irobot_create_msgs/share/irobot_create_msgs/hook/cmake_prefix_path.ps1'
[42.926s] INFO:colcon.colcon_core.shell:Creating environment descriptor '/home/gates/ros2_ws/install/irobot_create_msgs/share/irobot_create_msgs/hook/cmake_prefix_path.dsv'
[42.927s] INFO:colcon.colcon_core.shell:Creating environment hook '/home/gates/ros2_ws/install/irobot_create_msgs/share/irobot_create_msgs/hook/cmake_prefix_path.sh'
[42.928s] Level 1:colcon.colcon_core.environment:checking '/home/gates/ros2_ws/install/irobot_create_msgs/lib'
[42.929s] Level 1:colcon.colcon_core.shell:create_environment_hook('irobot_create_msgs', 'ld_library_path_lib')
[42.938s] INFO:colcon.colcon_core.shell:Creating environment hook '/home/gates/ros2_ws/install/irobot_create_msgs/share/irobot_create_msgs/hook/ld_library_path_lib.ps1'
[42.939s] INFO:colcon.colcon_core.shell:Creating environment descriptor '/home/gates/ros2_ws/install/irobot_create_msgs/share/irobot_create_msgs/hook/ld_library_path_lib.dsv'
[42.940s] INFO:colcon.colcon_core.shell:Creating environment hook '/home/gates/ros2_ws/install/irobot_create_msgs/share/irobot_create_msgs/hook/ld_library_path_lib.sh'
[42.941s] Level 1:colcon.colcon_core.environment:checking '/home/gates/ros2_ws/install/irobot_create_msgs/bin'
[42.941s] Level 1:colcon.colcon_core.environment:checking '/home/gates/ros2_ws/install/irobot_create_msgs/lib/pkgconfig/irobot_create_msgs.pc'
[42.941s] Level 1:colcon.colcon_core.environment:checking '/home/gates/ros2_ws/install/irobot_create_msgs/lib/python3.10/site-packages'
[42.941s] Level 1:colcon.colcon_core.environment:checking '/home/gates/ros2_ws/install/irobot_create_msgs/bin'
[42.950s] INFO:colcon.colcon_core.shell:Creating package script '/home/gates/ros2_ws/install/irobot_create_msgs/share/irobot_create_msgs/package.ps1'
[42.952s] INFO:colcon.colcon_core.shell:Creating package descriptor '/home/gates/ros2_ws/install/irobot_create_msgs/share/irobot_create_msgs/package.dsv'
[42.952s] INFO:colcon.colcon_core.shell:Creating package script '/home/gates/ros2_ws/install/irobot_create_msgs/share/irobot_create_msgs/package.sh'
[42.953s] INFO:colcon.colcon_core.shell:Creating package script '/home/gates/ros2_ws/install/irobot_create_msgs/share/irobot_create_msgs/package.bash'
[42.953s] INFO:colcon.colcon_core.shell:Creating package script '/home/gates/ros2_ws/install/irobot_create_msgs/share/irobot_create_msgs/package.zsh'
[42.954s] Level 1:colcon.colcon_core.environment:create_file_with_runtime_dependencies(/home/gates/ros2_ws/install/irobot_create_msgs/share/colcon-core/packages/irobot_create_msgs)
[42.955s] DEBUG:colcon.colcon_parallel_executor.executor.parallel:closing loop
[42.955s] DEBUG:colcon.colcon_parallel_executor.executor.parallel:loop closed
[42.955s] DEBUG:colcon.colcon_parallel_executor.executor.parallel:run_until_complete finished with '0'
[42.955s] DEBUG:colcon.colcon_core.event_reactor:joining thread
[42.973s] INFO:colcon.colcon_core.plugin_system:Skipping extension 'colcon_notification.desktop_notification.terminal_notifier': Not used on non-Darwin systems
[42.973s] INFO:colcon.colcon_core.plugin_system:Skipping extension 'colcon_notification.desktop_notification.win32': Not used on non-Windows systems
[42.973s] INFO:colcon.colcon_notification.desktop_notification:Sending desktop notification using 'notify2'
[43.012s] DEBUG:colcon.colcon_core.event_reactor:joined thread
[43.022s] INFO:colcon.colcon_core.shell:Creating prefix script '/home/gates/ros2_ws/install/local_setup.ps1'
[43.026s] INFO:colcon.colcon_core.shell:Creating prefix util module '/home/gates/ros2_ws/install/_local_setup_util_ps1.py'
[43.028s] INFO:colcon.colcon_core.shell:Creating prefix chain script '/home/gates/ros2_ws/install/setup.ps1'
[43.041s] INFO:colcon.colcon_core.shell:Creating prefix script '/home/gates/ros2_ws/install/local_setup.sh'
[43.043s] INFO:colcon.colcon_core.shell:Creating prefix util module '/home/gates/ros2_ws/install/_local_setup_util_sh.py'
[43.044s] INFO:colcon.colcon_core.shell:Creating prefix chain script '/home/gates/ros2_ws/install/setup.sh'
[43.063s] INFO:colcon.colcon_core.shell:Creating prefix script '/home/gates/ros2_ws/install/local_setup.bash'
[43.064s] INFO:colcon.colcon_core.shell:Creating prefix chain script '/home/gates/ros2_ws/install/setup.bash'
[43.082s] INFO:colcon.colcon_core.shell:Creating prefix script '/home/gates/ros2_ws/install/local_setup.zsh'
[43.085s] INFO:colcon.colcon_core.shell:Creating prefix chain script '/home/gates/ros2_ws/install/setup.zsh'
