[0.661s] DEBUG:colcon:Command line arguments: ['/usr/bin/colcon', 'build']
[0.662s] DEBUG:colcon:Parsed command line arguments: Namespace(log_base=None, log_level=None, verb_name='build', build_base='build', install_base='install', merge_install=False, symlink_install=False, test_result_base=None, continue_on_error=False, executor='parallel', parallel_workers=4, event_handlers=None, ignore_user_meta=False, metas=['./colcon.meta'], base_paths=['.'], packages_ignore=None, packages_ignore_regex=None, paths=None, packages_up_to=None, packages_up_to_regex=None, packages_above=None, packages_above_and_dependencies=None, packages_above_depth=None, packages_select_by_dep=None, packages_skip_by_dep=None, packages_skip_up_to=None, packages_select_build_failed=False, packages_skip_build_finished=False, packages_select_test_failures=False, packages_skip_test_passed=False, packages_select=None, packages_skip=None, packages_select_regex=None, packages_skip_regex=None, packages_start=None, packages_end=None, allow_overriding=[], cmake_args=None, cmake_target=None, cmake_target_skip_unavailable=False, cmake_clean_cache=False, cmake_clean_first=False, cmake_force_configure=False, ament_cmake_args=None, catkin_cmake_args=None, catkin_skip_building_tests=False, verb_parser=<colcon_defaults.argument_parser.defaults.DefaultArgumentsDecorator object at 0x7f66f127cc10>, verb_extension=<colcon_core.verb.build.BuildVerb object at 0x7f66f127e980>, main=<bound method BuildVerb.main of <colcon_core.verb.build.BuildVerb object at 0x7f66f127e980>>)
[0.701s] Level 1:colcon.colcon_core.package_discovery:discover_packages(colcon_meta) check parameters
[0.701s] Level 1:colcon.colcon_core.package_discovery:discover_packages(recursive) check parameters
[0.701s] Level 1:colcon.colcon_core.package_discovery:discover_packages(ignore) check parameters
[0.701s] Level 1:colcon.colcon_core.package_discovery:discover_packages(path) check parameters
[0.702s] Level 1:colcon.colcon_core.package_discovery:discover_packages(colcon_meta) discover
[0.702s] Level 1:colcon.colcon_core.package_discovery:discover_packages(recursive) discover
[0.702s] INFO:colcon.colcon_core.package_discovery:Crawling recursively for packages in '/home/gates/ros2_ws'
[0.702s] Level 1:colcon.colcon_core.package_identification:_identify(.) by extensions ['ignore', 'ignore_ament_install']
[0.702s] Level 1:colcon.colcon_core.package_identification:_identify(.) by extension 'ignore'
[0.702s] Level 1:colcon.colcon_core.package_identification:_identify(.) by extension 'ignore_ament_install'
[0.702s] Level 1:colcon.colcon_core.package_identification:_identify(.) by extensions ['colcon_pkg']
[0.702s] Level 1:colcon.colcon_core.package_identification:_identify(.) by extension 'colcon_pkg'
[0.702s] Level 1:colcon.colcon_core.package_identification:_identify(.) by extensions ['colcon_meta']
[0.702s] Level 1:colcon.colcon_core.package_identification:_identify(.) by extension 'colcon_meta'
[0.702s] Level 1:colcon.colcon_core.package_identification:_identify(.) by extensions ['ros']
[0.702s] Level 1:colcon.colcon_core.package_identification:_identify(.) by extension 'ros'
[0.714s] Level 1:colcon.colcon_core.package_identification:_identify(.) by extensions ['cmake', 'python']
[0.714s] Level 1:colcon.colcon_core.package_identification:_identify(.) by extension 'cmake'
[0.714s] Level 1:colcon.colcon_core.package_identification:_identify(.) by extension 'python'
[0.714s] Level 1:colcon.colcon_core.package_identification:_identify(.) by extensions ['python_setup_py']
[0.714s] Level 1:colcon.colcon_core.package_identification:_identify(.) by extension 'python_setup_py'
[0.714s] Level 1:colcon.colcon_core.package_identification:_identify(build) by extensions ['ignore', 'ignore_ament_install']
[0.715s] Level 1:colcon.colcon_core.package_identification:_identify(build) by extension 'ignore'
[0.715s] Level 1:colcon.colcon_core.package_identification:_identify(build) ignored
[0.715s] Level 1:colcon.colcon_core.package_identification:_identify(install) by extensions ['ignore', 'ignore_ament_install']
[0.715s] Level 1:colcon.colcon_core.package_identification:_identify(install) by extension 'ignore'
[0.715s] Level 1:colcon.colcon_core.package_identification:_identify(install) ignored
[0.715s] Level 1:colcon.colcon_core.package_identification:_identify(log) by extensions ['ignore', 'ignore_ament_install']
[0.715s] Level 1:colcon.colcon_core.package_identification:_identify(log) by extension 'ignore'
[0.715s] Level 1:colcon.colcon_core.package_identification:_identify(log) ignored
[0.715s] Level 1:colcon.colcon_core.package_identification:_identify(src) by extensions ['ignore', 'ignore_ament_install']
[0.715s] Level 1:colcon.colcon_core.package_identification:_identify(src) by extension 'ignore'
[0.715s] Level 1:colcon.colcon_core.package_identification:_identify(src) by extension 'ignore_ament_install'
[0.715s] Level 1:colcon.colcon_core.package_identification:_identify(src) by extensions ['colcon_pkg']
[0.715s] Level 1:colcon.colcon_core.package_identification:_identify(src) by extension 'colcon_pkg'
[0.715s] Level 1:colcon.colcon_core.package_identification:_identify(src) by extensions ['colcon_meta']
[0.715s] Level 1:colcon.colcon_core.package_identification:_identify(src) by extension 'colcon_meta'
[0.716s] Level 1:colcon.colcon_core.package_identification:_identify(src) by extensions ['ros']
[0.716s] Level 1:colcon.colcon_core.package_identification:_identify(src) by extension 'ros'
[0.716s] Level 1:colcon.colcon_core.package_identification:_identify(src) by extensions ['cmake', 'python']
[0.716s] Level 1:colcon.colcon_core.package_identification:_identify(src) by extension 'cmake'
[0.716s] Level 1:colcon.colcon_core.package_identification:_identify(src) by extension 'python'
[0.716s] Level 1:colcon.colcon_core.package_identification:_identify(src) by extensions ['python_setup_py']
[0.716s] Level 1:colcon.colcon_core.package_identification:_identify(src) by extension 'python_setup_py'
[0.716s] Level 1:colcon.colcon_core.package_identification:_identify(src/irobot_create_msgs) by extensions ['ignore', 'ignore_ament_install']
[0.716s] Level 1:colcon.colcon_core.package_identification:_identify(src/irobot_create_msgs) by extension 'ignore'
[0.716s] Level 1:colcon.colcon_core.package_identification:_identify(src/irobot_create_msgs) by extension 'ignore_ament_install'
[0.716s] Level 1:colcon.colcon_core.package_identification:_identify(src/irobot_create_msgs) by extensions ['colcon_pkg']
[0.716s] Level 1:colcon.colcon_core.package_identification:_identify(src/irobot_create_msgs) by extension 'colcon_pkg'
[0.716s] Level 1:colcon.colcon_core.package_identification:_identify(src/irobot_create_msgs) by extensions ['colcon_meta']
[0.716s] Level 1:colcon.colcon_core.package_identification:_identify(src/irobot_create_msgs) by extension 'colcon_meta'
[0.716s] Level 1:colcon.colcon_core.package_identification:_identify(src/irobot_create_msgs) by extensions ['ros']
[0.716s] Level 1:colcon.colcon_core.package_identification:_identify(src/irobot_create_msgs) by extension 'ros'
[0.718s] DEBUG:colcon.colcon_core.package_identification:Package 'src/irobot_create_msgs' with type 'ros.ament_cmake' and name 'irobot_create_msgs'
[0.719s] Level 1:colcon.colcon_core.package_discovery:discover_packages(recursive) using defaults
[0.719s] Level 1:colcon.colcon_core.package_discovery:discover_packages(ignore) discover
[0.719s] Level 1:colcon.colcon_core.package_discovery:discover_packages(ignore) using defaults
[0.719s] Level 1:colcon.colcon_core.package_discovery:discover_packages(path) discover
[0.719s] Level 1:colcon.colcon_core.package_discovery:discover_packages(path) using defaults
[0.775s] Level 1:colcon.colcon_core.package_discovery:discover_packages(prefix_path) check parameters
[0.775s] Level 1:colcon.colcon_core.package_discovery:discover_packages(prefix_path) discover
[0.797s] DEBUG:colcon.colcon_installed_package_information.package_discovery:Found 272 installed packages in /opt/ros/humble
[0.799s] Level 1:colcon.colcon_core.package_discovery:discover_packages(prefix_path) using defaults
[0.858s] Level 5:colcon.colcon_core.verb:set package 'irobot_create_msgs' build argument 'cmake_args' from command line to 'None'
[0.858s] Level 5:colcon.colcon_core.verb:set package 'irobot_create_msgs' build argument 'cmake_target' from command line to 'None'
[0.858s] Level 5:colcon.colcon_core.verb:set package 'irobot_create_msgs' build argument 'cmake_target_skip_unavailable' from command line to 'False'
[0.858s] Level 5:colcon.colcon_core.verb:set package 'irobot_create_msgs' build argument 'cmake_clean_cache' from command line to 'False'
[0.858s] Level 5:colcon.colcon_core.verb:set package 'irobot_create_msgs' build argument 'cmake_clean_first' from command line to 'False'
[0.858s] Level 5:colcon.colcon_core.verb:set package 'irobot_create_msgs' build argument 'cmake_force_configure' from command line to 'False'
[0.858s] Level 5:colcon.colcon_core.verb:set package 'irobot_create_msgs' build argument 'ament_cmake_args' from command line to 'None'
[0.859s] Level 5:colcon.colcon_core.verb:set package 'irobot_create_msgs' build argument 'catkin_cmake_args' from command line to 'None'
[0.859s] Level 5:colcon.colcon_core.verb:set package 'irobot_create_msgs' build argument 'catkin_skip_building_tests' from command line to 'False'
[0.859s] DEBUG:colcon.colcon_core.verb:Building package 'irobot_create_msgs' with the following arguments: {'ament_cmake_args': None, 'build_base': '/home/gates/ros2_ws/build/irobot_create_msgs', 'catkin_cmake_args': None, 'catkin_skip_building_tests': False, 'cmake_args': None, 'cmake_clean_cache': False, 'cmake_clean_first': False, 'cmake_force_configure': False, 'cmake_target': None, 'cmake_target_skip_unavailable': False, 'install_base': '/home/gates/ros2_ws/install/irobot_create_msgs', 'merge_install': False, 'path': '/home/gates/ros2_ws/src/irobot_create_msgs', 'symlink_install': False, 'test_result_base': None}
[0.867s] INFO:colcon.colcon_core.executor:Executing jobs using 'parallel' executor
[0.876s] DEBUG:colcon.colcon_parallel_executor.executor.parallel:run_until_complete
[0.877s] INFO:colcon.colcon_ros.task.ament_cmake.build:Building ROS package in '/home/gates/ros2_ws/src/irobot_create_msgs' with build type 'ament_cmake'
[0.877s] INFO:colcon.colcon_cmake.task.cmake.build:Building CMake package in '/home/gates/ros2_ws/src/irobot_create_msgs'
[0.890s] INFO:colcon.colcon_core.plugin_system:Skipping extension 'colcon_core.shell.bat': Not used on non-Windows systems
[0.891s] INFO:colcon.colcon_core.shell:Skip shell extension 'powershell' for command environment: Not usable outside of PowerShell
[0.891s] DEBUG:colcon.colcon_core.shell:Skip shell extension 'dsv' for command environment
[0.928s] DEBUG:colcon.colcon_core.event_handler.log_command:Invoking command in '/home/gates/ros2_ws/build/irobot_create_msgs': CMAKE_PREFIX_PATH=/opt/ros/humble /usr/bin/cmake --build /home/gates/ros2_ws/build/irobot_create_msgs -- -j4 -l4
[1.406s] DEBUG:colcon.colcon_core.event_handler.log_command:Invoked command in '/home/gates/ros2_ws/build/irobot_create_msgs' returned '0': CMAKE_PREFIX_PATH=/opt/ros/humble /usr/bin/cmake --build /home/gates/ros2_ws/build/irobot_create_msgs -- -j4 -l4
[3.078s] DEBUG:colcon.colcon_core.event_handler.log_command:Invoking command in '/home/gates/ros2_ws/build/irobot_create_msgs': CMAKE_PREFIX_PATH=/opt/ros/humble /usr/bin/cmake --install /home/gates/ros2_ws/build/irobot_create_msgs
[3.176s] Level 1:colcon.colcon_core.environment:create_environment_scripts_only(irobot_create_msgs)
[3.189s] DEBUG:colcon.colcon_core.event_handler.log_command:Invoked command in '/home/gates/ros2_ws/build/irobot_create_msgs' returned '0': CMAKE_PREFIX_PATH=/opt/ros/humble /usr/bin/cmake --install /home/gates/ros2_ws/build/irobot_create_msgs
[3.190s] Level 1:colcon.colcon_core.environment:checking '/home/gates/ros2_ws/install/irobot_create_msgs' for CMake module files
[3.191s] Level 1:colcon.colcon_core.environment:checking '/home/gates/ros2_ws/install/irobot_create_msgs' for CMake config files
[3.192s] Level 1:colcon.colcon_core.shell:create_environment_hook('irobot_create_msgs', 'cmake_prefix_path')
[3.204s] INFO:colcon.colcon_core.shell:Creating environment hook '/home/gates/ros2_ws/install/irobot_create_msgs/share/irobot_create_msgs/hook/cmake_prefix_path.ps1'
[3.204s] INFO:colcon.colcon_core.shell:Creating environment descriptor '/home/gates/ros2_ws/install/irobot_create_msgs/share/irobot_create_msgs/hook/cmake_prefix_path.dsv'
[3.206s] INFO:colcon.colcon_core.shell:Creating environment hook '/home/gates/ros2_ws/install/irobot_create_msgs/share/irobot_create_msgs/hook/cmake_prefix_path.sh'
[3.207s] Level 1:colcon.colcon_core.environment:checking '/home/gates/ros2_ws/install/irobot_create_msgs/lib'
[3.207s] Level 1:colcon.colcon_core.shell:create_environment_hook('irobot_create_msgs', 'ld_library_path_lib')
[3.217s] INFO:colcon.colcon_core.shell:Creating environment hook '/home/gates/ros2_ws/install/irobot_create_msgs/share/irobot_create_msgs/hook/ld_library_path_lib.ps1'
[3.218s] INFO:colcon.colcon_core.shell:Creating environment descriptor '/home/gates/ros2_ws/install/irobot_create_msgs/share/irobot_create_msgs/hook/ld_library_path_lib.dsv'
[3.219s] INFO:colcon.colcon_core.shell:Creating environment hook '/home/gates/ros2_ws/install/irobot_create_msgs/share/irobot_create_msgs/hook/ld_library_path_lib.sh'
[3.219s] Level 1:colcon.colcon_core.environment:checking '/home/gates/ros2_ws/install/irobot_create_msgs/bin'
[3.219s] Level 1:colcon.colcon_core.environment:checking '/home/gates/ros2_ws/install/irobot_create_msgs/lib/pkgconfig/irobot_create_msgs.pc'
[3.219s] Level 1:colcon.colcon_core.environment:checking '/home/gates/ros2_ws/install/irobot_create_msgs/lib/python3.10/site-packages'
[3.219s] Level 1:colcon.colcon_core.environment:checking '/home/gates/ros2_ws/install/irobot_create_msgs/bin'
[3.228s] INFO:colcon.colcon_core.shell:Creating package script '/home/gates/ros2_ws/install/irobot_create_msgs/share/irobot_create_msgs/package.ps1'
[3.229s] INFO:colcon.colcon_core.shell:Creating package descriptor '/home/gates/ros2_ws/install/irobot_create_msgs/share/irobot_create_msgs/package.dsv'
[3.231s] INFO:colcon.colcon_core.shell:Creating package script '/home/gates/ros2_ws/install/irobot_create_msgs/share/irobot_create_msgs/package.sh'
[3.231s] INFO:colcon.colcon_core.shell:Creating package script '/home/gates/ros2_ws/install/irobot_create_msgs/share/irobot_create_msgs/package.bash'
[3.232s] INFO:colcon.colcon_core.shell:Creating package script '/home/gates/ros2_ws/install/irobot_create_msgs/share/irobot_create_msgs/package.zsh'
[3.233s] Level 1:colcon.colcon_core.environment:create_file_with_runtime_dependencies(/home/gates/ros2_ws/install/irobot_create_msgs/share/colcon-core/packages/irobot_create_msgs)
[4.845s] Level 1:colcon.colcon_core.environment:create_environment_scripts_only(irobot_create_msgs)
[4.859s] Level 1:colcon.colcon_core.environment:checking '/home/gates/ros2_ws/install/irobot_create_msgs' for CMake module files
[4.859s] Level 1:colcon.colcon_core.environment:checking '/home/gates/ros2_ws/install/irobot_create_msgs' for CMake config files
[4.861s] Level 1:colcon.colcon_core.shell:create_environment_hook('irobot_create_msgs', 'cmake_prefix_path')
[4.873s] INFO:colcon.colcon_core.shell:Creating environment hook '/home/gates/ros2_ws/install/irobot_create_msgs/share/irobot_create_msgs/hook/cmake_prefix_path.ps1'
[4.875s] INFO:colcon.colcon_core.shell:Creating environment descriptor '/home/gates/ros2_ws/install/irobot_create_msgs/share/irobot_create_msgs/hook/cmake_prefix_path.dsv'
[4.876s] INFO:colcon.colcon_core.shell:Creating environment hook '/home/gates/ros2_ws/install/irobot_create_msgs/share/irobot_create_msgs/hook/cmake_prefix_path.sh'
[4.877s] Level 1:colcon.colcon_core.environment:checking '/home/gates/ros2_ws/install/irobot_create_msgs/lib'
[4.878s] Level 1:colcon.colcon_core.shell:create_environment_hook('irobot_create_msgs', 'ld_library_path_lib')
[4.888s] INFO:colcon.colcon_core.shell:Creating environment hook '/home/gates/ros2_ws/install/irobot_create_msgs/share/irobot_create_msgs/hook/ld_library_path_lib.ps1'
[4.890s] INFO:colcon.colcon_core.shell:Creating environment descriptor '/home/gates/ros2_ws/install/irobot_create_msgs/share/irobot_create_msgs/hook/ld_library_path_lib.dsv'
[4.891s] INFO:colcon.colcon_core.shell:Creating environment hook '/home/gates/ros2_ws/install/irobot_create_msgs/share/irobot_create_msgs/hook/ld_library_path_lib.sh'
[4.892s] Level 1:colcon.colcon_core.environment:checking '/home/gates/ros2_ws/install/irobot_create_msgs/bin'
[4.892s] Level 1:colcon.colcon_core.environment:checking '/home/gates/ros2_ws/install/irobot_create_msgs/lib/pkgconfig/irobot_create_msgs.pc'
[4.892s] Level 1:colcon.colcon_core.environment:checking '/home/gates/ros2_ws/install/irobot_create_msgs/lib/python3.10/site-packages'
[4.893s] Level 1:colcon.colcon_core.environment:checking '/home/gates/ros2_ws/install/irobot_create_msgs/bin'
[4.903s] INFO:colcon.colcon_core.shell:Creating package script '/home/gates/ros2_ws/install/irobot_create_msgs/share/irobot_create_msgs/package.ps1'
[4.904s] INFO:colcon.colcon_core.shell:Creating package descriptor '/home/gates/ros2_ws/install/irobot_create_msgs/share/irobot_create_msgs/package.dsv'
[4.905s] INFO:colcon.colcon_core.shell:Creating package script '/home/gates/ros2_ws/install/irobot_create_msgs/share/irobot_create_msgs/package.sh'
[4.907s] INFO:colcon.colcon_core.shell:Creating package script '/home/gates/ros2_ws/install/irobot_create_msgs/share/irobot_create_msgs/package.bash'
[4.908s] INFO:colcon.colcon_core.shell:Creating package script '/home/gates/ros2_ws/install/irobot_create_msgs/share/irobot_create_msgs/package.zsh'
[4.909s] Level 1:colcon.colcon_core.environment:create_file_with_runtime_dependencies(/home/gates/ros2_ws/install/irobot_create_msgs/share/colcon-core/packages/irobot_create_msgs)
[4.909s] DEBUG:colcon.colcon_parallel_executor.executor.parallel:closing loop
[4.910s] DEBUG:colcon.colcon_parallel_executor.executor.parallel:loop closed
[4.910s] DEBUG:colcon.colcon_parallel_executor.executor.parallel:run_until_complete finished with '0'
[4.911s] DEBUG:colcon.colcon_core.event_reactor:joining thread
[4.927s] INFO:colcon.colcon_core.plugin_system:Skipping extension 'colcon_notification.desktop_notification.terminal_notifier': Not used on non-Darwin systems
[4.927s] INFO:colcon.colcon_core.plugin_system:Skipping extension 'colcon_notification.desktop_notification.win32': Not used on non-Windows systems
[4.927s] INFO:colcon.colcon_notification.desktop_notification:Sending desktop notification using 'notify2'
[4.947s] DEBUG:colcon.colcon_core.event_reactor:joined thread
[4.959s] INFO:colcon.colcon_core.shell:Creating prefix script '/home/gates/ros2_ws/install/local_setup.ps1'
[4.962s] INFO:colcon.colcon_core.shell:Creating prefix util module '/home/gates/ros2_ws/install/_local_setup_util_ps1.py'
[4.967s] INFO:colcon.colcon_core.shell:Creating prefix chain script '/home/gates/ros2_ws/install/setup.ps1'
[4.979s] INFO:colcon.colcon_core.shell:Creating prefix script '/home/gates/ros2_ws/install/local_setup.sh'
[4.980s] INFO:colcon.colcon_core.shell:Creating prefix util module '/home/gates/ros2_ws/install/_local_setup_util_sh.py'
[4.981s] INFO:colcon.colcon_core.shell:Creating prefix chain script '/home/gates/ros2_ws/install/setup.sh'
[4.996s] INFO:colcon.colcon_core.shell:Creating prefix script '/home/gates/ros2_ws/install/local_setup.bash'
[4.999s] INFO:colcon.colcon_core.shell:Creating prefix chain script '/home/gates/ros2_ws/install/setup.bash'
[5.011s] INFO:colcon.colcon_core.shell:Creating prefix script '/home/gates/ros2_ws/install/local_setup.zsh'
[5.012s] INFO:colcon.colcon_core.shell:Creating prefix chain script '/home/gates/ros2_ws/install/setup.zsh'
